2019-07-16 05:12:08,008 CRIT Supervisor running as root (no user in config file)
2019-07-16 05:12:08,009 INFO Included extra file "/etc/supervisor/conf.d/supervisord.conf" during parsing
2019-07-16 05:12:08,037 INFO RPC interface 'supervisor' initialized
2019-07-16 05:12:08,038 CRIT Server 'unix_http_server' running without any HTTP authentication checking
2019-07-16 05:12:08,038 INFO supervisord started with pid 1
2019-07-16 05:12:09,042 INFO spawned: 'varnishd' with pid 15
2019-07-16 05:12:09,050 INFO spawned: 'php-fpm' with pid 16
2019-07-16 05:12:09,054 INFO spawned: 'varnish-plugins-watcher' with pid 17
2019-07-16 05:12:09,067 INFO spawned: 'nginx' with pid 18
2019-07-16 05:12:09,074 INFO spawned: 'MailHog' with pid 19
2019-07-16 05:12:09,084 INFO spawned: 'mysql' with pid 20
2019-07-16 05:12:09,111 INFO spawned: 'varnish-themes-watcher' with pid 21
2019-07-16 05:12:10,374 INFO success: varnishd entered RUNNING state, process has stayed up for > than 1 seconds (startsecs)
2019-07-16 05:12:10,375 INFO success: php-fpm entered RUNNING state, process has stayed up for > than 1 seconds (startsecs)
2019-07-16 05:12:10,375 INFO success: varnish-plugins-watcher entered RUNNING state, process has stayed up for > than 1 seconds (startsecs)
2019-07-16 05:12:10,375 INFO success: nginx entered RUNNING state, process has stayed up for > than 1 seconds (startsecs)
2019-07-16 05:12:10,376 INFO success: MailHog entered RUNNING state, process has stayed up for > than 1 seconds (startsecs)
2019-07-16 05:12:10,376 INFO success: mysql entered RUNNING state, process has stayed up for > than 1 seconds (startsecs)
2019-07-16 05:12:10,376 INFO success: varnish-themes-watcher entered RUNNING state, process has stayed up for > than 1 seconds (startsecs)
2019-07-16 05:15:53,668 INFO exited: varnishd (exit status 0; expected)
2019-07-16 05:15:53,672 INFO spawned: 'varnishd' with pid 583
2019-07-16 05:15:54,673 INFO success: varnishd entered RUNNING state, process has stayed up for > than 1 seconds (startsecs)
