2019-07-16T05:12:10.180265Z 0 [Warning] TIMESTAMP with implicit DEFAULT value is deprecated. Please use --explicit_defaults_for_timestamp server option (see documentation for more details).
2019-07-16T05:12:10.180723Z 0 [Note] /usr/sbin/mysqld (mysqld 5.7.23) starting as process 29 ...
2019-07-16T05:12:10.197360Z 0 [Note] InnoDB: PUNCH HOLE support available
2019-07-16T05:12:10.198718Z 0 [Note] InnoDB: Mutexes and rw_locks use GCC atomic builtins
2019-07-16T05:12:10.199468Z 0 [Note] InnoDB: Uses event mutexes
2019-07-16T05:12:10.200769Z 0 [Note] InnoDB: GCC builtin __atomic_thread_fence() is used for memory barrier
2019-07-16T05:12:10.202103Z 0 [Note] InnoDB: Compressed tables use zlib 1.2.3
2019-07-16T05:12:10.202450Z 0 [Note] InnoDB: Using Linux native AIO
2019-07-16T05:12:10.204487Z 0 [Note] InnoDB: Number of pools: 1
2019-07-16T05:12:10.205559Z 0 [Note] InnoDB: Using CPU crc32 instructions
2019-07-16T05:12:10.208362Z 0 [Note] InnoDB: Initializing buffer pool, total size = 32M, instances = 1, chunk size = 32M
2019-07-16T05:12:10.211917Z 0 [Note] InnoDB: Completed initialization of buffer pool
2019-07-16T05:12:10.220701Z 0 [Note] InnoDB: If the mysqld execution user is authorized, page cleaner thread priority can be changed. See the man page of setpriority().
2019-07-16T05:12:10.240837Z 0 [Note] InnoDB: Highest supported file format is Barracuda.
2019-07-16T05:12:10.241898Z 0 [Note] InnoDB: Log scan progressed past the checkpoint lsn 2588963
2019-07-16T05:12:10.242393Z 0 [Note] InnoDB: Doing recovery: scanned up to log sequence number 2591784
2019-07-16T05:12:10.243717Z 0 [Note] InnoDB: Database was not shutdown normally!
2019-07-16T05:12:10.244359Z 0 [Note] InnoDB: Starting crash recovery.
2019-07-16T05:12:10.410843Z 0 [Note] InnoDB: Starting an apply batch of log records to the database...
InnoDB: Progress in percent: 27 28 29 30 31 32 33 34 35 36 37 38 39 40 41 42 43 44 45 46 47 48 49 50 51 52 53 54 55 56 57 58 59 60 61 62 63 64 65 66 67 68 69 70 71 72 73 74 75 76 77 78 79 80 81 82 83 84 85 86 87 88 89 90 91 92 93 94 95 96 97 98 99 
2019-07-16T05:12:10.979298Z 0 [Note] InnoDB: Apply batch completed
2019-07-16T05:12:11.085813Z 0 [Note] InnoDB: Removed temporary tablespace data file: "ibtmp1"
2019-07-16T05:12:11.086390Z 0 [Note] InnoDB: Creating shared tablespace for temporary tables
2019-07-16T05:12:11.089551Z 0 [Note] InnoDB: Setting file './ibtmp1' size to 12 MB. Physically writing the file full; Please wait ...
2019-07-16T05:12:11.123836Z 0 [Note] InnoDB: File './ibtmp1' size is now 12 MB.
2019-07-16T05:12:11.125246Z 0 [Note] InnoDB: 96 redo rollback segment(s) found. 96 redo rollback segment(s) are active.
2019-07-16T05:12:11.125579Z 0 [Note] InnoDB: 32 non-redo rollback segment(s) are active.
2019-07-16T05:12:11.129655Z 0 [Note] InnoDB: Waiting for purge to start
2019-07-16T05:12:11.180856Z 0 [Note] InnoDB: 5.7.23 started; log sequence number 2591784
2019-07-16T05:12:11.184207Z 0 [Note] Plugin 'FEDERATED' is disabled.
2019-07-16T05:12:11.185601Z 0 [Note] InnoDB: Loading buffer pool(s) from /var/lib/mysql/ib_buffer_pool
2019-07-16T05:12:11.191078Z 0 [Warning] Failed to set up SSL because of the following SSL library error: SSL context is not usable without certificate and private key
2019-07-16T05:12:11.191960Z 0 [Note] Server hostname (bind-address): '*'; port: 3306
2019-07-16T05:12:11.193219Z 0 [Note] IPv6 is available.
2019-07-16T05:12:11.192688Z 0 [Note] InnoDB: Buffer pool(s) load completed at 190716  5:12:11
2019-07-16T05:12:11.194033Z 0 [Note]   - '::' resolves to '::';
2019-07-16T05:12:11.194915Z 0 [Note] Server socket created on IP: '::'.
2019-07-16T05:12:11.196926Z 0 [Warning] Insecure configuration for --pid-file: Location '/var/run/mysqld' in the path is accessible to all OS users. Consider choosing a different directory.
2019-07-16T05:12:11.210186Z 0 [ERROR] /usr/sbin/mysqld: Table './mysql/user' is marked as crashed and should be repaired
2019-07-16T05:12:11.210697Z 0 [Warning] Checking table:   './mysql/user'
2019-07-16T05:12:11.211473Z 0 [ERROR] 1 client is using or hasn't closed the table properly
2019-07-16T05:12:11.213122Z 0 [Warning] 'user' entry 'root@localhost' ignored in --skip-name-resolve mode.
2019-07-16T05:12:11.213438Z 0 [Warning] 'user' entry 'mysql.session@localhost' ignored in --skip-name-resolve mode.
2019-07-16T05:12:11.214039Z 0 [Warning] 'user' entry 'mysql.sys@localhost' ignored in --skip-name-resolve mode.
2019-07-16T05:12:11.214421Z 0 [Warning] 'db' entry 'performance_schema mysql.session@localhost' ignored in --skip-name-resolve mode.
2019-07-16T05:12:11.215842Z 0 [Warning] 'db' entry 'sys mysql.sys@localhost' ignored in --skip-name-resolve mode.
2019-07-16T05:12:11.216708Z 0 [Warning] 'proxies_priv' entry '@ root@localhost' ignored in --skip-name-resolve mode.
2019-07-16T05:12:11.219994Z 0 [Warning] 'tables_priv' entry 'user mysql.session@localhost' ignored in --skip-name-resolve mode.
2019-07-16T05:12:11.220972Z 0 [Warning] 'tables_priv' entry 'sys_config mysql.sys@localhost' ignored in --skip-name-resolve mode.
2019-07-16T05:12:11.240657Z 0 [Note] Event Scheduler: Loaded 0 events
2019-07-16T05:12:11.249827Z 0 [Note] /usr/sbin/mysqld: ready for connections.
Version: '5.7.23'  socket: '/var/run/mysqld/mysqld.sock'  port: 3306  MySQL Community Server (GPL)
2019-07-16T05:13:32.415627Z 4 [ERROR] /usr/sbin/mysqld: Table './mysql/proc' is marked as crashed and should be repaired
2019-07-16T05:13:32.415946Z 4 [Warning] Checking table:   './mysql/proc'
2019-07-16T05:13:32.441216Z 6 [Warning] 'user' entry 'root@localhost' ignored in --skip-name-resolve mode.
2019-07-16T05:13:32.441657Z 6 [Warning] 'user' entry 'mysql.session@localhost' ignored in --skip-name-resolve mode.
2019-07-16T05:13:32.441879Z 6 [Warning] 'user' entry 'mysql.sys@localhost' ignored in --skip-name-resolve mode.
2019-07-16T05:13:32.442124Z 6 [Warning] 'db' entry 'performance_schema mysql.session@localhost' ignored in --skip-name-resolve mode.
2019-07-16T05:13:32.442493Z 6 [Warning] 'db' entry 'sys mysql.sys@localhost' ignored in --skip-name-resolve mode.
2019-07-16T05:13:32.442840Z 6 [Warning] 'proxies_priv' entry '@ root@localhost' ignored in --skip-name-resolve mode.
2019-07-16T05:13:32.443311Z 6 [Warning] 'tables_priv' entry 'user mysql.session@localhost' ignored in --skip-name-resolve mode.
2019-07-16T05:13:32.443433Z 6 [Warning] 'tables_priv' entry 'sys_config mysql.sys@localhost' ignored in --skip-name-resolve mode.
2019-07-16T06:30:58.450615Z 0 [Note] Giving 0 client threads a chance to die gracefully
2019-07-16T06:30:58.451420Z 0 [Note] Shutting down slave threads
2019-07-16T06:30:58.451991Z 0 [Note] Forcefully disconnecting 0 remaining clients
2019-07-16T06:30:58.452421Z 0 [Note] Event Scheduler: Purging the queue. 0 events
2019-07-16T06:30:58.453459Z 0 [Note] Binlog end
2019-07-16T06:30:58.455627Z 0 [Note] Shutting down plugin 'ngram'
2019-07-16T06:30:58.456306Z 0 [Note] Shutting down plugin 'partition'
2019-07-16T06:30:58.457310Z 0 [Note] Shutting down plugin 'BLACKHOLE'
2019-07-16T06:30:58.458364Z 0 [Note] Shutting down plugin 'ARCHIVE'
2019-07-16T06:30:58.459041Z 0 [Note] Shutting down plugin 'PERFORMANCE_SCHEMA'
2019-07-16T06:30:58.459222Z 0 [Note] Shutting down plugin 'MRG_MYISAM'
2019-07-16T06:30:58.459832Z 0 [Note] Shutting down plugin 'MyISAM'
2019-07-16T06:30:58.460182Z 0 [Note] Shutting down plugin 'INNODB_SYS_VIRTUAL'
2019-07-16T06:30:58.461218Z 0 [Note] Shutting down plugin 'INNODB_SYS_DATAFILES'
2019-07-16T06:30:58.462145Z 0 [Note] Shutting down plugin 'INNODB_SYS_TABLESPACES'
2019-07-16T06:30:58.463166Z 0 [Note] Shutting down plugin 'INNODB_SYS_FOREIGN_COLS'
2019-07-16T06:30:58.463535Z 0 [Note] Shutting down plugin 'INNODB_SYS_FOREIGN'
2019-07-16T06:30:58.463595Z 0 [Note] Shutting down plugin 'INNODB_SYS_FIELDS'
2019-07-16T06:30:58.463751Z 0 [Note] Shutting down plugin 'INNODB_SYS_COLUMNS'
2019-07-16T06:30:58.463962Z 0 [Note] Shutting down plugin 'INNODB_SYS_INDEXES'
2019-07-16T06:30:58.464022Z 0 [Note] Shutting down plugin 'INNODB_SYS_TABLESTATS'
2019-07-16T06:30:58.464519Z 0 [Note] Shutting down plugin 'INNODB_SYS_TABLES'
2019-07-16T06:30:58.464781Z 0 [Note] Shutting down plugin 'INNODB_FT_INDEX_TABLE'
2019-07-16T06:30:58.465060Z 0 [Note] Shutting down plugin 'INNODB_FT_INDEX_CACHE'
2019-07-16T06:30:58.465659Z 0 [Note] Shutting down plugin 'INNODB_FT_CONFIG'
2019-07-16T06:30:58.466519Z 0 [Note] Shutting down plugin 'INNODB_FT_BEING_DELETED'
2019-07-16T06:30:58.466707Z 0 [Note] Shutting down plugin 'INNODB_FT_DELETED'
2019-07-16T06:30:58.466908Z 0 [Note] Shutting down plugin 'INNODB_FT_DEFAULT_STOPWORD'
2019-07-16T06:30:58.467020Z 0 [Note] Shutting down plugin 'INNODB_METRICS'
2019-07-16T06:30:58.467382Z 0 [Note] Shutting down plugin 'INNODB_TEMP_TABLE_INFO'
2019-07-16T06:30:58.467707Z 0 [Note] Shutting down plugin 'INNODB_BUFFER_POOL_STATS'
2019-07-16T06:30:58.468219Z 0 [Note] Shutting down plugin 'INNODB_BUFFER_PAGE_LRU'
2019-07-16T06:30:58.468333Z 0 [Note] Shutting down plugin 'INNODB_BUFFER_PAGE'
2019-07-16T06:30:58.468453Z 0 [Note] Shutting down plugin 'INNODB_CMP_PER_INDEX_RESET'
2019-07-16T06:30:58.468554Z 0 [Note] Shutting down plugin 'INNODB_CMP_PER_INDEX'
2019-07-16T06:30:58.468637Z 0 [Note] Shutting down plugin 'INNODB_CMPMEM_RESET'
2019-07-16T06:30:58.468732Z 0 [Note] Shutting down plugin 'INNODB_CMPMEM'
2019-07-16T06:30:58.468826Z 0 [Note] Shutting down plugin 'INNODB_CMP_RESET'
2019-07-16T06:30:58.468903Z 0 [Note] Shutting down plugin 'INNODB_CMP'
2019-07-16T06:30:58.469037Z 0 [Note] Shutting down plugin 'INNODB_LOCK_WAITS'
2019-07-16T06:30:58.469138Z 0 [Note] Shutting down plugin 'INNODB_LOCKS'
2019-07-16T06:30:58.469232Z 0 [Note] Shutting down plugin 'INNODB_TRX'
2019-07-16T06:30:58.469331Z 0 [Note] Shutting down plugin 'InnoDB'
2019-07-16T06:30:58.469467Z 0 [Note] InnoDB: FTS optimize thread exiting.
2019-07-16T06:30:58.469704Z 0 [Note] InnoDB: Starting shutdown...
2019-07-16T06:30:58.570642Z 0 [Note] InnoDB: Dumping buffer pool(s) to /var/lib/mysql/ib_buffer_pool
2019-07-16T06:30:58.571468Z 0 [Note] InnoDB: Buffer pool(s) dump completed at 190716  6:30:58
2019-07-16T06:31:00.085527Z 0 [Note] InnoDB: Shutdown completed; log sequence number 4382830
2019-07-16T06:31:00.085980Z 0 [Note] InnoDB: Removed temporary tablespace data file: "ibtmp1"
2019-07-16T06:31:00.086104Z 0 [Note] Shutting down plugin 'MEMORY'
2019-07-16T06:31:00.086224Z 0 [Note] Shutting down plugin 'CSV'
2019-07-16T06:31:00.086380Z 0 [Note] Shutting down plugin 'sha256_password'
2019-07-16T06:31:00.086500Z 0 [Note] Shutting down plugin 'mysql_native_password'
2019-07-16T06:31:00.086800Z 0 [Note] Shutting down plugin 'binlog'
2019-07-16T06:31:00.087608Z 0 [Note] /usr/sbin/mysqld: Shutdown complete

2019-07-17T04:28:55.295993Z 0 [Warning] TIMESTAMP with implicit DEFAULT value is deprecated. Please use --explicit_defaults_for_timestamp server option (see documentation for more details).
2019-07-17T04:28:55.302602Z 0 [Note] /usr/sbin/mysqld (mysqld 5.7.23) starting as process 84 ...
2019-07-17T04:28:55.338704Z 0 [Note] InnoDB: PUNCH HOLE support available
2019-07-17T04:28:55.338904Z 0 [Note] InnoDB: Mutexes and rw_locks use GCC atomic builtins
2019-07-17T04:28:55.338981Z 0 [Note] InnoDB: Uses event mutexes
2019-07-17T04:28:55.339040Z 0 [Note] InnoDB: GCC builtin __atomic_thread_fence() is used for memory barrier
2019-07-17T04:28:55.339095Z 0 [Note] InnoDB: Compressed tables use zlib 1.2.3
2019-07-17T04:28:55.339150Z 0 [Note] InnoDB: Using Linux native AIO
2019-07-17T04:28:55.341551Z 0 [Note] InnoDB: Number of pools: 1
2019-07-17T04:28:55.346171Z 0 [Note] InnoDB: Using CPU crc32 instructions
2019-07-17T04:28:55.350938Z 0 [Note] InnoDB: Initializing buffer pool, total size = 32M, instances = 1, chunk size = 32M
2019-07-17T04:28:55.355393Z 0 [Note] InnoDB: Completed initialization of buffer pool
2019-07-17T04:28:55.356486Z 0 [Note] InnoDB: If the mysqld execution user is authorized, page cleaner thread priority can be changed. See the man page of setpriority().
2019-07-17T04:28:55.390751Z 0 [Note] InnoDB: Highest supported file format is Barracuda.
2019-07-17T04:28:55.450466Z 0 [Note] InnoDB: Creating shared tablespace for temporary tables
2019-07-17T04:28:55.450741Z 0 [Note] InnoDB: Setting file './ibtmp1' size to 12 MB. Physically writing the file full; Please wait ...
2019-07-17T04:28:55.473986Z 0 [Note] InnoDB: File './ibtmp1' size is now 12 MB.
2019-07-17T04:28:55.474901Z 0 [Note] InnoDB: 96 redo rollback segment(s) found. 96 redo rollback segment(s) are active.
2019-07-17T04:28:55.475070Z 0 [Note] InnoDB: 32 non-redo rollback segment(s) are active.
2019-07-17T04:28:55.475584Z 0 [Note] InnoDB: Waiting for purge to start
2019-07-17T04:28:55.526332Z 0 [Note] InnoDB: 5.7.23 started; log sequence number 4382830
2019-07-17T04:28:55.526926Z 0 [Note] InnoDB: Loading buffer pool(s) from /var/lib/mysql/ib_buffer_pool
2019-07-17T04:28:55.528855Z 0 [Note] Plugin 'FEDERATED' is disabled.
2019-07-17T04:28:55.550916Z 0 [Note] InnoDB: Buffer pool(s) load completed at 190717  4:28:55
2019-07-17T04:28:55.554821Z 0 [Warning] Failed to set up SSL because of the following SSL library error: SSL context is not usable without certificate and private key
2019-07-17T04:28:55.554937Z 0 [Note] Server hostname (bind-address): '*'; port: 3306
2019-07-17T04:28:55.555967Z 0 [Note] IPv6 is available.
2019-07-17T04:28:55.556381Z 0 [Note]   - '::' resolves to '::';
2019-07-17T04:28:55.556543Z 0 [Note] Server socket created on IP: '::'.
2019-07-17T04:28:55.566415Z 0 [Warning] 'user' entry 'root@localhost' ignored in --skip-name-resolve mode.
2019-07-17T04:28:55.566638Z 0 [Warning] 'user' entry 'mysql.session@localhost' ignored in --skip-name-resolve mode.
2019-07-17T04:28:55.566791Z 0 [Warning] 'user' entry 'mysql.sys@localhost' ignored in --skip-name-resolve mode.
2019-07-17T04:28:55.567677Z 0 [Warning] 'db' entry 'performance_schema mysql.session@localhost' ignored in --skip-name-resolve mode.
2019-07-17T04:28:55.567840Z 0 [Warning] 'db' entry 'sys mysql.sys@localhost' ignored in --skip-name-resolve mode.
2019-07-17T04:28:55.568396Z 0 [Warning] 'proxies_priv' entry '@ root@localhost' ignored in --skip-name-resolve mode.
2019-07-17T04:28:55.577882Z 0 [Warning] 'tables_priv' entry 'user mysql.session@localhost' ignored in --skip-name-resolve mode.
2019-07-17T04:28:55.578082Z 0 [Warning] 'tables_priv' entry 'sys_config mysql.sys@localhost' ignored in --skip-name-resolve mode.
2019-07-17T04:28:55.604242Z 0 [Note] Event Scheduler: Loaded 0 events
2019-07-17T04:28:55.604546Z 0 [Note] /usr/sbin/mysqld: ready for connections.
Version: '5.7.23'  socket: '/var/run/mysqld/mysqld.sock'  port: 3306  MySQL Community Server (GPL)
2019-07-17T05:09:03.394143Z 0 [Note] Giving 0 client threads a chance to die gracefully
2019-07-17T05:09:03.394836Z 0 [Note] Shutting down slave threads
2019-07-17T05:09:03.395070Z 0 [Note] Forcefully disconnecting 0 remaining clients
2019-07-17T05:09:03.395698Z 0 [Note] Event Scheduler: Purging the queue. 0 events
2019-07-17T05:09:03.396842Z 0 [Note] Binlog end
2019-07-17T05:09:03.398362Z 0 [Note] Shutting down plugin 'ngram'
2019-07-17T05:09:03.398624Z 0 [Note] Shutting down plugin 'partition'
2019-07-17T05:09:03.399646Z 0 [Note] Shutting down plugin 'BLACKHOLE'
2019-07-17T05:09:03.400564Z 0 [Note] Shutting down plugin 'ARCHIVE'
2019-07-17T05:09:03.401373Z 0 [Note] Shutting down plugin 'PERFORMANCE_SCHEMA'
2019-07-17T05:09:03.401714Z 0 [Note] Shutting down plugin 'MRG_MYISAM'
2019-07-17T05:09:03.402548Z 0 [Note] Shutting down plugin 'MyISAM'
2019-07-17T05:09:03.403540Z 0 [Note] Shutting down plugin 'INNODB_SYS_VIRTUAL'
2019-07-17T05:09:03.404516Z 0 [Note] Shutting down plugin 'INNODB_SYS_DATAFILES'
2019-07-17T05:09:03.405839Z 0 [Note] Shutting down plugin 'INNODB_SYS_TABLESPACES'
2019-07-17T05:09:03.406464Z 0 [Note] Shutting down plugin 'INNODB_SYS_FOREIGN_COLS'
2019-07-17T05:09:03.406707Z 0 [Note] Shutting down plugin 'INNODB_SYS_FOREIGN'
2019-07-17T05:09:03.406785Z 0 [Note] Shutting down plugin 'INNODB_SYS_FIELDS'
2019-07-17T05:09:03.407074Z 0 [Note] Shutting down plugin 'INNODB_SYS_COLUMNS'
2019-07-17T05:09:03.407454Z 0 [Note] Shutting down plugin 'INNODB_SYS_INDEXES'
2019-07-17T05:09:03.407554Z 0 [Note] Shutting down plugin 'INNODB_SYS_TABLESTATS'
2019-07-17T05:09:03.408712Z 0 [Note] Shutting down plugin 'INNODB_SYS_TABLES'
2019-07-17T05:09:03.409288Z 0 [Note] Shutting down plugin 'INNODB_FT_INDEX_TABLE'
2019-07-17T05:09:03.409824Z 0 [Note] Shutting down plugin 'INNODB_FT_INDEX_CACHE'
2019-07-17T05:09:03.410800Z 0 [Note] Shutting down plugin 'INNODB_FT_CONFIG'
2019-07-17T05:09:03.410953Z 0 [Note] Shutting down plugin 'INNODB_FT_BEING_DELETED'
2019-07-17T05:09:03.412315Z 0 [Note] Shutting down plugin 'INNODB_FT_DELETED'
2019-07-17T05:09:03.413551Z 0 [Note] Shutting down plugin 'INNODB_FT_DEFAULT_STOPWORD'
2019-07-17T05:09:03.413771Z 0 [Note] Shutting down plugin 'INNODB_METRICS'
2019-07-17T05:09:03.414186Z 0 [Note] Shutting down plugin 'INNODB_TEMP_TABLE_INFO'
2019-07-17T05:09:03.414435Z 0 [Note] Shutting down plugin 'INNODB_BUFFER_POOL_STATS'
2019-07-17T05:09:03.414543Z 0 [Note] Shutting down plugin 'INNODB_BUFFER_PAGE_LRU'
2019-07-17T05:09:03.414722Z 0 [Note] Shutting down plugin 'INNODB_BUFFER_PAGE'
2019-07-17T05:09:03.414848Z 0 [Note] Shutting down plugin 'INNODB_CMP_PER_INDEX_RESET'
2019-07-17T05:09:03.414974Z 0 [Note] Shutting down plugin 'INNODB_CMP_PER_INDEX'
2019-07-17T05:09:03.415259Z 0 [Note] Shutting down plugin 'INNODB_CMPMEM_RESET'
2019-07-17T05:09:03.415891Z 0 [Note] Shutting down plugin 'INNODB_CMPMEM'
2019-07-17T05:09:03.416032Z 0 [Note] Shutting down plugin 'INNODB_CMP_RESET'
2019-07-17T05:09:03.416433Z 0 [Note] Shutting down plugin 'INNODB_CMP'
2019-07-17T05:09:03.416590Z 0 [Note] Shutting down plugin 'INNODB_LOCK_WAITS'
2019-07-17T05:09:03.417077Z 0 [Note] Shutting down plugin 'INNODB_LOCKS'
2019-07-17T05:09:03.417210Z 0 [Note] Shutting down plugin 'INNODB_TRX'
2019-07-17T05:09:03.417709Z 0 [Note] Shutting down plugin 'InnoDB'
2019-07-17T05:09:03.418269Z 0 [Note] InnoDB: FTS optimize thread exiting.
2019-07-17T05:09:03.418504Z 0 [Note] InnoDB: Starting shutdown...
2019-07-17T05:09:03.518879Z 0 [Note] InnoDB: Dumping buffer pool(s) to /var/lib/mysql/ib_buffer_pool
2019-07-17T05:09:03.519313Z 0 [Note] InnoDB: Buffer pool(s) dump completed at 190717  5:09:03
2019-07-17T05:09:04.529257Z 0 [Note] InnoDB: Shutdown completed; log sequence number 4952794
2019-07-17T05:09:04.531678Z 0 [Note] InnoDB: Removed temporary tablespace data file: "ibtmp1"
2019-07-17T05:09:04.531887Z 0 [Note] Shutting down plugin 'MEMORY'
2019-07-17T05:09:04.532014Z 0 [Note] Shutting down plugin 'CSV'
2019-07-17T05:09:04.532188Z 0 [Note] Shutting down plugin 'sha256_password'
2019-07-17T05:09:04.532296Z 0 [Note] Shutting down plugin 'mysql_native_password'
2019-07-17T05:09:04.532710Z 0 [Note] Shutting down plugin 'binlog'
2019-07-17T05:09:04.533369Z 0 [Note] /usr/sbin/mysqld: Shutdown complete

